Using pre-set license
Built from '2020.3/staging' branch; Version is '2020.3.18f1 (a7d1c678663c) revision 10998214'; Using compiler version '192528614'; Build Type 'Release'
OS: 'Windows 10 Home; OS build 19043.1348; Version 2009; 64bit' Language: 'en' Physical Memory: 3979 MB
BatchMode: 1, IsHumanControllingUs: 0, StartBugReporterOnCrash: 0, Is64bit: 1, IsPro: 0

COMMAND LINE ARGUMENTS:
C:\Program Files\Unity\Hub\Editor\2020.3.18f1\Editor\Unity.exe
-adb2
-batchMode
-noUpm
-name
AssetImportWorker4
-projectPath
C:/Users/Disip/OneDrive/Documents/GitHub/NinjaBoy/MMI-Project2
-logFile
Logs/AssetImportWorker4.log
-srvPort
62995
Successfully changed project path to: C:/Users/Disip/OneDrive/Documents/GitHub/NinjaBoy/MMI-Project2
C:/Users/Disip/OneDrive/Documents/GitHub/NinjaBoy/MMI-Project2
Using Asset Import Pipeline V2.
Refreshing native plugins compatible for Editor in 160.03 ms, found 2 plugins.
Preloading 0 native plugins for Editor in 0.00 ms.
Initialize engine version: 2020.3.18f1 (a7d1c678663c)
[Subsystems] Discovering subsystems at path C:/Program Files/Unity/Hub/Editor/2020.3.18f1/Editor/Data/Resources/UnitySubsystems
[Subsystems] Discovering subsystems at path C:/Users/Disip/OneDrive/Documents/GitHub/NinjaBoy/MMI-Project2/Assets
GfxDevice: creating device client; threaded=0
Direct3D:
    Version:  Direct3D 11.0 [level 11.1]
    Renderer: AMD Radeon(TM) R4 Graphics (ID=0x98e4)
    Vendor:   
    VRAM:     1989 MB
    Driver:   27.20.15002.8001
Initialize mono
Mono path[0] = 'C:/Program Files/Unity/Hub/Editor/2020.3.18f1/Editor/Data/Managed'
Mono path[1] = 'C:/Program Files/Unity/Hub/Editor/2020.3.18f1/Editor/Data/MonoBleedingEdge/lib/mono/unityjit'
Mono config path = 'C:/Program Files/Unity/Hub/Editor/2020.3.18f1/Editor/Data/MonoBleedingEdge/etc'
Using monoOptions --debugger-agent=transport=dt_socket,embedding=1,server=y,suspend=n,address=127.0.0.1:56064
Begin MonoManager ReloadAssembly
Registering precompiled unity dll's ...
Register platform support module: C:/Program Files/Unity/Hub/Editor/2020.3.18f1/Editor/Data/PlaybackEngines/WebGLSupport/UnityEditor.WebGL.Extensions.dll
Register platform support module: C:/Program Files/Unity/Hub/Editor/2020.3.18f1/Editor/Data/PlaybackEngines/WindowsStandaloneSupport/UnityEditor.WindowsStandalone.Extensions.dll
Registered in 0.010679 seconds.
Native extension for WindowsStandalone target not found
Native extension for WebGL target not found
Refreshing native plugins compatible for Editor in 152.27 ms, found 2 plugins.
Preloading 0 native plugins for Editor in 0.00 ms.
Mono: successfully reloaded assembly
- Completed reload, in 15.207 seconds
Domain Reload Profiling:
	ReloadAssembly (15208ms)
		BeginReloadAssembly (400ms)
			ExecutionOrderSort (0ms)
			DisableScriptedObjects (0ms)
			BackupInstance (0ms)
			ReleaseScriptingObjects (0ms)
			CreateAndSetChildDomain (4ms)
		EndReloadAssembly (10714ms)
			LoadAssemblies (411ms)
			RebuildTransferFunctionScriptingTraits (0ms)
			SetupTypeCache (6016ms)
			ReleaseScriptCaches (0ms)
			RebuildScriptCaches (442ms)
			SetupLoadedEditorAssemblies (824ms)
				LogAssemblyErrors (0ms)
				InitializePlatformSupportModulesInManaged (33ms)
				SetLoadedEditorAssemblies (1ms)
				RefreshPlugins (153ms)
				BeforeProcessingInitializeOnLoad (40ms)
				ProcessInitializeOnLoadAttributes (414ms)
				ProcessInitializeOnLoadMethodAttributes (178ms)
				AfterProcessingInitializeOnLoad (0ms)
				EditorAssembliesLoaded (5ms)
			ExecutionOrderSort2 (0ms)
			AwakeInstancesAfterBackupRestoration (0ms)
Platform modules already initialized, skipping
Registering precompiled user dll's ...
Registered in 0.072602 seconds.
Begin MonoManager ReloadAssembly
Native extension for WindowsStandalone target not found
Native extension for WebGL target not found
Refreshing native plugins compatible for Editor in 1.20 ms, found 2 plugins.
Preloading 0 native plugins for Editor in 0.00 ms.
Mono: successfully reloaded assembly
- Completed reload, in  7.657 seconds
Domain Reload Profiling:
	ReloadAssembly (7666ms)
		BeginReloadAssembly (2082ms)
			ExecutionOrderSort (0ms)
			DisableScriptedObjects (119ms)
			BackupInstance (0ms)
			ReleaseScriptingObjects (0ms)
			CreateAndSetChildDomain (110ms)
		EndReloadAssembly (5198ms)
			LoadAssemblies (561ms)
			RebuildTransferFunctionScriptingTraits (0ms)
			SetupTypeCache (1981ms)
			ReleaseScriptCaches (2ms)
			RebuildScriptCaches (492ms)
			SetupLoadedEditorAssemblies (1549ms)
				LogAssemblyErrors (0ms)
				InitializePlatformSupportModulesInManaged (30ms)
				SetLoadedEditorAssemblies (2ms)
				RefreshPlugins (1ms)
				BeforeProcessingInitializeOnLoad (254ms)
				ProcessInitializeOnLoadAttributes (1170ms)
				ProcessInitializeOnLoadMethodAttributes (51ms)
				AfterProcessingInitializeOnLoad (38ms)
				EditorAssembliesLoaded (1ms)
			ExecutionOrderSort2 (0ms)
			AwakeInstancesAfterBackupRestoration (48ms)
Platform modules already initialized, skipping
========================================================================
Worker process is ready to serve import requests
Launched and connected shader compiler UnityShaderCompiler.exe after 0.30 seconds
Refreshing native plugins compatible for Editor in 2.37 ms, found 2 plugins.
Preloading 0 native plugins for Editor in 0.00 ms.
Unloading 1424 Unused Serialized files (Serialized files now loaded: 0)
System memory in use before: 68.6 MB.
System memory in use after: 68.7 MB.

Unloading 16 unused Assets to reduce memory usage. Loaded Objects now: 1864.
Total: 12.890500 ms (FindLiveObjects: 0.593000 ms CreateObjectMapping: 1.606500 ms MarkObjects: 10.323700 ms  DeleteObjects: 0.362600 ms)

AssetImportParameters requested are different than current active one (requested -> active):
  custom:framework-win-MediaFoundation: 216162199b28c13a410421893ffa2e32 -> 
  custom:video-decoder-ogg-theora: a1e56fd34408186e4bbccfd4996cb3dc -> 
  custom:container-muxer-webm: aa71ff27fc2769a1b78a27578f13a17b -> 
  custom:container-demuxer-webm: 4f35f7cbe854078d1ac9338744f61a02 -> 
  custom:container-demuxer-ogg: 62fdf1f143b41e24485cea50d1cbac27 -> 
  custom:video-encoder-webm-vp8: eb34c28f22e8b96e1ab97ce403110664 -> 
  custom:video-decoder-webm-vp8: 9c59270c3fd7afecdb556c50c9e8de78 -> 
  custom:audio-decoder-ogg-vorbis: bf7c407c2cedff20999df2af8eb42d56 -> 
  custom:audio-encoder-webm-vorbis: bf7c407c2cedff20999df2af8eb42d56 -> 
========================================================================
Received Import Request.
  path: Assets/Scenes/menu.unity
  artifactKey: Guid(206ab44a2ac8e1041ba8830281bef50e) Importer(815301076,1909f56bfc062723c751e8b465ee728b)
Start importing Assets/Scenes/menu.unity using Guid(206ab44a2ac8e1041ba8830281bef50e) Importer(815301076,1909f56bfc062723c751e8b465ee728b)  -> (artifact id: 'de894ec7ee59bc0b522fb1229b95375d') in 0.154412 seconds 
  Import took 0.192194 seconds .

========================================================================
Received Prepare
Refreshing native plugins compatible for Editor in 165.90 ms, found 2 plugins.
Preloading 0 native plugins for Editor in 0.00 ms.
Unloading 9 Unused Serialized files (Serialized files now loaded: 0)
System memory in use before: 39.2 MB.
System memory in use after: 39.3 MB.

Unloading 9 unused Assets to reduce memory usage. Loaded Objects now: 1864.
Total: 19.351500 ms (FindLiveObjects: 0.585300 ms CreateObjectMapping: 0.192500 ms MarkObjects: 18.429800 ms  DeleteObjects: 0.138200 ms)

AssetImportParameters requested are different than current active one (requested -> active):
  custom:framework-win-MediaFoundation: 216162199b28c13a410421893ffa2e32 -> 
  custom:video-decoder-ogg-theora: a1e56fd34408186e4bbccfd4996cb3dc -> 
  custom:container-muxer-webm: aa71ff27fc2769a1b78a27578f13a17b -> 
  custom:container-demuxer-webm: 4f35f7cbe854078d1ac9338744f61a02 -> 
  custom:container-demuxer-ogg: 62fdf1f143b41e24485cea50d1cbac27 -> 
  custom:video-encoder-webm-vp8: eb34c28f22e8b96e1ab97ce403110664 -> 
  custom:video-decoder-webm-vp8: 9c59270c3fd7afecdb556c50c9e8de78 -> 
  custom:audio-decoder-ogg-vorbis: bf7c407c2cedff20999df2af8eb42d56 -> 
  custom:audio-encoder-webm-vorbis: bf7c407c2cedff20999df2af8eb42d56 -> 
========================================================================
Received Import Request.
  Time since last request: 4543.095608 seconds.
  path: Assets/LowCharacterPack/LowCharacter_demo/models/Ninja_Demo@T-Pose.fbx
  artifactKey: Guid(a6e1b293f7ed5584fa548ddde966e03e) Importer(815301076,1909f56bfc062723c751e8b465ee728b)
Start importing Assets/LowCharacterPack/LowCharacter_demo/models/Ninja_Demo@T-Pose.fbx using Guid(a6e1b293f7ed5584fa548ddde966e03e) Importer(815301076,1909f56bfc062723c751e8b465ee728b)  -> (artifact id: 'd3d647b07ee503f18884f6b294ad55a1') in 2.145795 seconds 
  Import took 2.253245 seconds .

========================================================================
Received Import Request.
  Time since last request: 0.000893 seconds.
  path: Assets/Course Library/_Source_Files/FBX/SimpleFarm_Characters.fbx
  artifactKey: Guid(aaf0205bbf9d1a4458899575eed1c962) Importer(815301076,1909f56bfc062723c751e8b465ee728b)
Start importing Assets/Course Library/_Source_Files/FBX/SimpleFarm_Characters.fbx using Guid(aaf0205bbf9d1a4458899575eed1c962) Importer(815301076,1909f56bfc062723c751e8b465ee728b)  -> (artifact id: 'c15dc44f8b28b1cd4962d323e7f5f741') in 0.459652 seconds 
  Import took 0.496662 seconds .

========================================================================
Received Import Request.
  Time since last request: 0.000880 seconds.
  path: Assets/Course Library/_Source_Files/FBX/SimplePeople.fbx
  artifactKey: Guid(c72c97e952bf7834b85e6164373d310d) Importer(815301076,1909f56bfc062723c751e8b465ee728b)
Start importing Assets/Course Library/_Source_Files/FBX/SimplePeople.fbx using Guid(c72c97e952bf7834b85e6164373d310d) Importer(815301076,1909f56bfc062723c751e8b465ee728b)  -> (artifact id: 'a8a226c135d7f4faa725b3a0e226dca6') in 0.762380 seconds 
  Import took 0.841821 seconds .

========================================================================
Received Import Request.
  Time since last request: 473.440440 seconds.
  path: Assets/Low poly 3D game character_1/Animations
  artifactKey: Guid(77b8f43fe7f28fd40982261961537a03) Importer(815301076,1909f56bfc062723c751e8b465ee728b)
Start importing Assets/Low poly 3D game character_1/Animations using Guid(77b8f43fe7f28fd40982261961537a03) Importer(815301076,1909f56bfc062723c751e8b465ee728b)  -> (artifact id: '2cc86f93c4c52bdb883e89d099065362') in 0.014317 seconds 
  Import took 0.053667 seconds .

========================================================================
Received Import Request.
  Time since last request: 71.807979 seconds.
  path: Assets/Low poly 3D game character_1
  artifactKey: Guid(126afa187d292644da84fe1f4ec3ea56) Importer(815301076,1909f56bfc062723c751e8b465ee728b)
Start importing Assets/Low poly 3D game character_1 using Guid(126afa187d292644da84fe1f4ec3ea56) Importer(815301076,1909f56bfc062723c751e8b465ee728b)  -> (artifact id: 'aa8628d143d05fefa0504a20ad2f37a5') in 0.026552 seconds 
  Import took 0.046479 seconds .

========================================================================
Received Import Request.
  Time since last request: 13.462878 seconds.
  path: Assets/Animations/Character_1@Fast Running.fbx
  artifactKey: Guid(649206ae6f32957458cf1095c1f31d10) Importer(815301076,1909f56bfc062723c751e8b465ee728b)
Start importing Assets/Animations/Character_1@Fast Running.fbx using Guid(649206ae6f32957458cf1095c1f31d10) Importer(815301076,1909f56bfc062723c751e8b465ee728b)  -> (artifact id: '0dd50a02cd04d8e914418e96d0862fc9') in 0.338628 seconds 
  Import took 0.410084 seconds .

========================================================================
Received Import Request.
  Time since last request: 166.619143 seconds.
  path: Assets/Animations/Character_1@Running.fbx
  artifactKey: Guid(73a6f92ebaf916e4da47e6f0a01b3ac6) Importer(815301076,1909f56bfc062723c751e8b465ee728b)
Start importing Assets/Animations/Character_1@Running.fbx using Guid(73a6f92ebaf916e4da47e6f0a01b3ac6) Importer(815301076,1909f56bfc062723c751e8b465ee728b)  -> (artifact id: '6ff1e59fa33d4cd14f01f02d13ec5af1') in 0.354094 seconds 
  Import took 0.397931 seconds .

========================================================================
Received Import Request.
  Time since last request: 160.753013 seconds.
  path: Assets/Animations/Character_1@Slide.fbx
  artifactKey: Guid(3e84fbba918b22d4c926bb5ceb8d4944) Importer(815301076,1909f56bfc062723c751e8b465ee728b)
Start importing Assets/Animations/Character_1@Slide.fbx using Guid(3e84fbba918b22d4c926bb5ceb8d4944) Importer(815301076,1909f56bfc062723c751e8b465ee728b)  -> (artifact id: 'c1abc6a26fb083b7b362b849b0ce7c93') in 0.289692 seconds 
  Import took 0.628024 seconds .

========================================================================
Received Import Request.
  Time since last request: 2.890031 seconds.
  path: Assets/Animations/Character_1@T POSE.fbx
  artifactKey: Guid(60343eab294b40940bd7b1d9c4ff7f75) Importer(815301076,1909f56bfc062723c751e8b465ee728b)
Start importing Assets/Animations/Character_1@T POSE.fbx using Guid(60343eab294b40940bd7b1d9c4ff7f75) Importer(815301076,1909f56bfc062723c751e8b465ee728b)  -> (artifact id: 'd1b759f232998bbc51f0a75068c1ead9') in 0.217609 seconds 
  Import took 0.232015 seconds .

========================================================================
Received Import Request.
  Time since last request: 1.247563 seconds.
  path: Assets/Animations/Character_1@Zombie Walking.fbx
  artifactKey: Guid(fe556c13745d1fc448470ef689f7a4ee) Importer(815301076,1909f56bfc062723c751e8b465ee728b)
Start importing Assets/Animations/Character_1@Zombie Walking.fbx using Guid(fe556c13745d1fc448470ef689f7a4ee) Importer(815301076,1909f56bfc062723c751e8b465ee728b)  -> (artifact id: '844ab033620949ebfd9e6e1af6db5c2f') in 0.234892 seconds 
  Import took 0.272190 seconds .

========================================================================
Received Prepare
Registering precompiled user dll's ...
Registered in 0.014226 seconds.
Begin MonoManager ReloadAssembly
Native extension for WindowsStandalone target not found
Native extension for WebGL target not found
Refreshing native plugins compatible for Editor in 1.32 ms, found 2 plugins.
Preloading 0 native plugins for Editor in 0.00 ms.
Mono: successfully reloaded assembly
- Completed reload, in  5.498 seconds
Domain Reload Profiling:
	ReloadAssembly (5500ms)
		BeginReloadAssembly (593ms)
			ExecutionOrderSort (3ms)
			DisableScriptedObjects (35ms)
			BackupInstance (0ms)
			ReleaseScriptingObjects (0ms)
			CreateAndSetChildDomain (232ms)
		EndReloadAssembly (4519ms)
			LoadAssemblies (557ms)
			RebuildTransferFunctionScriptingTraits (0ms)
			SetupTypeCache (1552ms)
			ReleaseScriptCaches (3ms)
			RebuildScriptCaches (245ms)
			SetupLoadedEditorAssemblies (1540ms)
				LogAssemblyErrors (0ms)
				InitializePlatformSupportModulesInManaged (42ms)
				SetLoadedEditorAssemblies (21ms)
				RefreshPlugins (2ms)
				BeforeProcessingInitializeOnLoad (275ms)
				ProcessInitializeOnLoadAttributes (1156ms)
				ProcessInitializeOnLoadMethodAttributes (17ms)
				AfterProcessingInitializeOnLoad (27ms)
				EditorAssembliesLoaded (1ms)
			ExecutionOrderSort2 (0ms)
			AwakeInstancesAfterBackupRestoration (38ms)
Platform modules already initialized, skipping
Refreshing native plugins compatible for Editor in 1.54 ms, found 2 plugins.
Preloading 0 native plugins for Editor in 0.00 ms.
Unloading 1404 Unused Serialized files (Serialized files now loaded: 0)
System memory in use before: 85.0 MB.
System memory in use after: 85.1 MB.

Unloading 12 unused Assets to reduce memory usage. Loaded Objects now: 1877.
Total: 12.672300 ms (FindLiveObjects: 0.574200 ms CreateObjectMapping: 0.174400 ms MarkObjects: 11.821700 ms  DeleteObjects: 0.096900 ms)

AssetImportParameters requested are different than current active one (requested -> active):
  custom:framework-win-MediaFoundation: 216162199b28c13a410421893ffa2e32 -> 
  custom:video-decoder-ogg-theora: a1e56fd34408186e4bbccfd4996cb3dc -> 
  custom:container-muxer-webm: aa71ff27fc2769a1b78a27578f13a17b -> 
  custom:container-demuxer-webm: 4f35f7cbe854078d1ac9338744f61a02 -> 
  custom:container-demuxer-ogg: 62fdf1f143b41e24485cea50d1cbac27 -> 
  custom:video-encoder-webm-vp8: eb34c28f22e8b96e1ab97ce403110664 -> 
  custom:video-decoder-webm-vp8: 9c59270c3fd7afecdb556c50c9e8de78 -> 
  custom:audio-decoder-ogg-vorbis: bf7c407c2cedff20999df2af8eb42d56 -> 
  custom:audio-encoder-webm-vorbis: bf7c407c2cedff20999df2af8eb42d56 -> 
========================================================================
Received Import Request.
  Time since last request: 62.336098 seconds.
  path: Assets/Animations/PlayerController.controller
  artifactKey: Guid(76f38f838b66c5844bc39381bf580556) Importer(815301076,1909f56bfc062723c751e8b465ee728b)
Start importing Assets/Animations/PlayerController.controller using Guid(76f38f838b66c5844bc39381bf580556) Importer(815301076,1909f56bfc062723c751e8b465ee728b)  -> (artifact id: '566aebefd508dbfabed627ae5394c096') in 0.219795 seconds 
  Import took 0.251005 seconds .

========================================================================
Received Import Request.
  Time since last request: 300.464396 seconds.
  path: Assets/Scenes/ProjectScene.unity
  artifactKey: Guid(e204a2b8afcade24e9b49174cb772424) Importer(815301076,1909f56bfc062723c751e8b465ee728b)
Start importing Assets/Scenes/ProjectScene.unity using Guid(e204a2b8afcade24e9b49174cb772424) Importer(815301076,1909f56bfc062723c751e8b465ee728b)  -> (artifact id: 'ee4227a3f626963f1f5bdaa2179235ed') in 0.030726 seconds 
  Import took 0.069381 seconds .

========================================================================
Received Prepare
Registering precompiled user dll's ...
Registered in 0.011139 seconds.
Begin MonoManager ReloadAssembly
Native extension for WindowsStandalone target not found
Native extension for WebGL target not found
Refreshing native plugins compatible for Editor in 2.92 ms, found 2 plugins.
Preloading 0 native plugins for Editor in 0.00 ms.
Mono: successfully reloaded assembly
- Completed reload, in  9.342 seconds
Domain Reload Profiling:
	ReloadAssembly (9343ms)
		BeginReloadAssembly (534ms)
			ExecutionOrderSort (0ms)
			DisableScriptedObjects (24ms)
			BackupInstance (0ms)
			ReleaseScriptingObjects (0ms)
			CreateAndSetChildDomain (149ms)
		EndReloadAssembly (8439ms)
			LoadAssemblies (498ms)
			RebuildTransferFunctionScriptingTraits (0ms)
			SetupTypeCache (2937ms)
			ReleaseScriptCaches (3ms)
			RebuildScriptCaches (283ms)
			SetupLoadedEditorAssemblies (3322ms)
				LogAssemblyErrors (0ms)
				InitializePlatformSupportModulesInManaged (334ms)
				SetLoadedEditorAssemblies (5ms)
				RefreshPlugins (3ms)
				BeforeProcessingInitializeOnLoad (1335ms)
				ProcessInitializeOnLoadAttributes (1563ms)
				ProcessInitializeOnLoadMethodAttributes (32ms)
				AfterProcessingInitializeOnLoad (49ms)
				EditorAssembliesLoaded (1ms)
			ExecutionOrderSort2 (0ms)
			AwakeInstancesAfterBackupRestoration (36ms)
Platform modules already initialized, skipping
Refreshing native plugins compatible for Editor in 1.65 ms, found 2 plugins.
Preloading 0 native plugins for Editor in 0.00 ms.
Unloading 1404 Unused Serialized files (Serialized files now loaded: 0)
System memory in use before: 85.0 MB.
System memory in use after: 85.1 MB.

Unloading 11 unused Assets to reduce memory usage. Loaded Objects now: 1879.
Total: 14.763600 ms (FindLiveObjects: 0.691900 ms CreateObjectMapping: 0.307300 ms MarkObjects: 13.555600 ms  DeleteObjects: 0.201500 ms)

AssetImportParameters requested are different than current active one (requested -> active):
  custom:framework-win-MediaFoundation: 216162199b28c13a410421893ffa2e32 -> 
  custom:video-decoder-ogg-theora: a1e56fd34408186e4bbccfd4996cb3dc -> 
  custom:container-muxer-webm: aa71ff27fc2769a1b78a27578f13a17b -> 
  custom:container-demuxer-webm: 4f35f7cbe854078d1ac9338744f61a02 -> 
  custom:container-demuxer-ogg: 62fdf1f143b41e24485cea50d1cbac27 -> 
  custom:video-encoder-webm-vp8: eb34c28f22e8b96e1ab97ce403110664 -> 
  custom:video-decoder-webm-vp8: 9c59270c3fd7afecdb556c50c9e8de78 -> 
  custom:audio-decoder-ogg-vorbis: bf7c407c2cedff20999df2af8eb42d56 -> 
  custom:audio-encoder-webm-vorbis: bf7c407c2cedff20999df2af8eb42d56 -> 
AssetImportWorkerClient::OnTransportError - code=2 error=End of file
